[2025-11-17 08:08:21] [INFO] Processing month: 2025-01
[2025-11-17 08:08:21] [INFO] Fetching TLC data page...
[2025-11-17 08:08:21] [INFO] Skipping download (exists): resources/raw/parquet/2025-01/yellow_tripdata_2025-01.parquet
[2025-11-17 08:08:21] [INFO] Skipping download (exists): resources/raw/parquet/2025-01/green_tripdata_2025-01.parquet
[2025-11-17 08:08:21] [INFO] === START NYC Taxi ETL: RAW → CLEAN (2025-01) ===
[2025-11-17 08:08:21] [INFO] Ensured CSV folder exists: resources/raw/csv/yellow/2025-01
[2025-11-17 08:08:21] [INFO] Ensured CSV folder exists: resources/raw/csv/green/2025-01
[2025-11-17 08:08:21] [INFO] Splitting parquet files into daily CSVs...
[2025-11-17 08:08:21] [INFO] Loading parquet files from resources/raw/parquet/2025-01...
[2025-11-17 08:08:21] [INFO] Reading resources/raw/parquet/2025-01/yellow_tripdata_2025-01.parquet ...
[2025-11-17 08:08:23] [INFO] Loaded 3,475,226 rows from yellow_tripdata_2025-01.parquet
[2025-11-17 08:08:23] [INFO] Reading resources/raw/parquet/2025-01/green_tripdata_2025-01.parquet ...
[2025-11-17 08:08:23] [INFO] Loaded 48,326 rows from green_tripdata_2025-01.parquet
[2025-11-17 08:08:31] [INFO] Ensured CSV folder exists: resources/raw/csv/yellow/2025-01
[2025-11-17 08:08:51] [INFO] Saved resources/raw/csv/yellow/2025-01/2024-12-31.csv (21 rows)
[2025-11-17 08:08:53] [INFO] Saved resources/raw/csv/yellow/2025-01/2025-01-01.csv (90,188 rows)
[2025-11-17 08:08:55] [INFO] Saved resources/raw/csv/yellow/2025-01/2025-01-02.csv (84,832 rows)
[2025-11-17 08:08:57] [INFO] Saved resources/raw/csv/yellow/2025-01/2025-01-03.csv (91,250 rows)
[2025-11-17 08:08:59] [INFO] Saved resources/raw/csv/yellow/2025-01/2025-01-04.csv (97,804 rows)
[2025-11-17 08:09:00] [INFO] Saved resources/raw/csv/yellow/2025-01/2025-01-05.csv (79,624 rows)
[2025-11-17 08:09:01] [INFO] Saved resources/raw/csv/yellow/2025-01/2025-01-06.csv (80,126 rows)
[2025-11-17 08:09:03] [INFO] Saved resources/raw/csv/yellow/2025-01/2025-01-07.csv (100,643 rows)
[2025-11-17 08:09:05] [INFO] Saved resources/raw/csv/yellow/2025-01/2025-01-08.csv (113,897 rows)
[2025-11-17 08:09:07] [INFO] Saved resources/raw/csv/yellow/2025-01/2025-01-09.csv (119,285 rows)
[2025-11-17 08:09:08] [INFO] Saved resources/raw/csv/yellow/2025-01/2025-01-10.csv (111,494 rows)
[2025-11-17 08:09:11] [INFO] Saved resources/raw/csv/yellow/2025-01/2025-01-11.csv (121,966 rows)
[2025-11-17 08:09:13] [INFO] Saved resources/raw/csv/yellow/2025-01/2025-01-12.csv (102,510 rows)
[2025-11-17 08:09:14] [INFO] Saved resources/raw/csv/yellow/2025-01/2025-01-13.csv (100,492 rows)
[2025-11-17 08:09:16] [INFO] Saved resources/raw/csv/yellow/2025-01/2025-01-14.csv (121,735 rows)
[2025-11-17 08:09:19] [INFO] Saved resources/raw/csv/yellow/2025-01/2025-01-15.csv (125,359 rows)
[2025-11-17 08:09:21] [INFO] Saved resources/raw/csv/yellow/2025-01/2025-01-16.csv (138,711 rows)
[2025-11-17 08:09:23] [INFO] Saved resources/raw/csv/yellow/2025-01/2025-01-17.csv (120,994 rows)
[2025-11-17 08:09:26] [INFO] Saved resources/raw/csv/yellow/2025-01/2025-01-18.csv (119,812 rows)
[2025-11-17 08:09:28] [INFO] Saved resources/raw/csv/yellow/2025-01/2025-01-19.csv (118,232 rows)
[2025-11-17 08:09:30] [INFO] Saved resources/raw/csv/yellow/2025-01/2025-01-20.csv (90,094 rows)
[2025-11-17 08:09:32] [INFO] Saved resources/raw/csv/yellow/2025-01/2025-01-21.csv (117,592 rows)
[2025-11-17 08:09:34] [INFO] Saved resources/raw/csv/yellow/2025-01/2025-01-22.csv (127,259 rows)
[2025-11-17 08:09:36] [INFO] Saved resources/raw/csv/yellow/2025-01/2025-01-23.csv (138,136 rows)
[2025-11-17 08:09:38] [INFO] Saved resources/raw/csv/yellow/2025-01/2025-01-24.csv (129,546 rows)
[2025-11-17 08:09:40] [INFO] Saved resources/raw/csv/yellow/2025-01/2025-01-25.csv (136,816 rows)
[2025-11-17 08:09:42] [INFO] Saved resources/raw/csv/yellow/2025-01/2025-01-26.csv (102,228 rows)
[2025-11-17 08:09:44] [INFO] Saved resources/raw/csv/yellow/2025-01/2025-01-27.csv (93,060 rows)
[2025-11-17 08:09:45] [INFO] Saved resources/raw/csv/yellow/2025-01/2025-01-28.csv (114,002 rows)
[2025-11-17 08:09:47] [INFO] Saved resources/raw/csv/yellow/2025-01/2025-01-29.csv (120,672 rows)
[2025-11-17 08:09:50] [INFO] Saved resources/raw/csv/yellow/2025-01/2025-01-30.csv (133,266 rows)
[2025-11-17 08:09:52] [INFO] Saved resources/raw/csv/yellow/2025-01/2025-01-31.csv (133,579 rows)
[2025-11-17 08:09:52] [INFO] Saved resources/raw/csv/yellow/2025-01/2025-02-01.csv (1 rows)
[2025-11-17 08:09:52] [INFO] Ensured CSV folder exists: resources/raw/csv/green/2025-01
[2025-11-17 08:09:52] [INFO] Saved resources/raw/csv/green/2025-01/2024-12-25.csv (1 rows)
[2025-11-17 08:09:52] [INFO] Saved resources/raw/csv/green/2025-01/2024-12-29.csv (1 rows)
[2025-11-17 08:09:52] [INFO] Saved resources/raw/csv/green/2025-01/2024-12-31.csv (4 rows)
[2025-11-17 08:09:52] [INFO] Saved resources/raw/csv/green/2025-01/2025-01-01.csv (1,001 rows)
[2025-11-17 08:09:52] [INFO] Saved resources/raw/csv/green/2025-01/2025-01-02.csv (1,516 rows)
[2025-11-17 08:09:52] [INFO] Saved resources/raw/csv/green/2025-01/2025-01-03.csv (1,525 rows)
[2025-11-17 08:09:52] [INFO] Saved resources/raw/csv/green/2025-01/2025-01-04.csv (1,249 rows)
[2025-11-17 08:09:52] [INFO] Saved resources/raw/csv/green/2025-01/2025-01-05.csv (1,129 rows)
[2025-11-17 08:09:53] [INFO] Saved resources/raw/csv/green/2025-01/2025-01-06.csv (1,541 rows)
[2025-11-17 08:09:53] [INFO] Saved resources/raw/csv/green/2025-01/2025-01-07.csv (1,648 rows)
[2025-11-17 08:09:53] [INFO] Saved resources/raw/csv/green/2025-01/2025-01-08.csv (1,680 rows)
[2025-11-17 08:09:53] [INFO] Saved resources/raw/csv/green/2025-01/2025-01-09.csv (1,868 rows)
[2025-11-17 08:09:53] [INFO] Saved resources/raw/csv/green/2025-01/2025-01-10.csv (1,633 rows)
[2025-11-17 08:09:53] [INFO] Saved resources/raw/csv/green/2025-01/2025-01-11.csv (1,296 rows)
[2025-11-17 08:09:53] [INFO] Saved resources/raw/csv/green/2025-01/2025-01-12.csv (1,143 rows)
[2025-11-17 08:09:53] [INFO] Saved resources/raw/csv/green/2025-01/2025-01-13.csv (1,618 rows)
[2025-11-17 08:09:53] [INFO] Saved resources/raw/csv/green/2025-01/2025-01-14.csv (1,775 rows)
[2025-11-17 08:09:53] [INFO] Saved resources/raw/csv/green/2025-01/2025-01-15.csv (1,886 rows)
[2025-11-17 08:09:53] [INFO] Saved resources/raw/csv/green/2025-01/2025-01-16.csv (1,909 rows)
[2025-11-17 08:09:53] [INFO] Saved resources/raw/csv/green/2025-01/2025-01-17.csv (1,810 rows)
[2025-11-17 08:09:53] [INFO] Saved resources/raw/csv/green/2025-01/2025-01-18.csv (1,197 rows)
[2025-11-17 08:09:53] [INFO] Saved resources/raw/csv/green/2025-01/2025-01-19.csv (1,113 rows)
[2025-11-17 08:09:53] [INFO] Saved resources/raw/csv/green/2025-01/2025-01-20.csv (1,084 rows)
[2025-11-17 08:09:53] [INFO] Saved resources/raw/csv/green/2025-01/2025-01-21.csv (1,788 rows)
[2025-11-17 08:09:53] [INFO] Saved resources/raw/csv/green/2025-01/2025-01-22.csv (1,812 rows)
[2025-11-17 08:09:53] [INFO] Saved resources/raw/csv/green/2025-01/2025-01-23.csv (1,849 rows)
[2025-11-17 08:09:53] [INFO] Saved resources/raw/csv/green/2025-01/2025-01-24.csv (1,714 rows)
[2025-11-17 08:09:53] [INFO] Saved resources/raw/csv/green/2025-01/2025-01-25.csv (1,336 rows)
[2025-11-17 08:09:53] [INFO] Saved resources/raw/csv/green/2025-01/2025-01-26.csv (1,308 rows)
[2025-11-17 08:09:53] [INFO] Saved resources/raw/csv/green/2025-01/2025-01-27.csv (1,704 rows)
[2025-11-17 08:09:53] [INFO] Saved resources/raw/csv/green/2025-01/2025-01-28.csv (1,771 rows)
[2025-11-17 08:09:53] [INFO] Saved resources/raw/csv/green/2025-01/2025-01-29.csv (1,748 rows)
[2025-11-17 08:09:53] [INFO] Saved resources/raw/csv/green/2025-01/2025-01-30.csv (1,909 rows)
[2025-11-17 08:09:53] [INFO] Saved resources/raw/csv/green/2025-01/2025-01-31.csv (1,723 rows)
[2025-11-17 08:09:53] [INFO] Saved resources/raw/csv/green/2025-01/2025-02-01.csv (19 rows)
[2025-11-17 08:09:54] [INFO] Saved resources/raw/csv/green/2025-01/2025-02-03.csv (6 rows)
[2025-11-17 08:09:54] [INFO] Saved resources/raw/csv/green/2025-01/2025-02-04.csv (7 rows)
[2025-11-17 08:09:54] [INFO] Saved resources/raw/csv/green/2025-01/2025-02-05.csv (5 rows)
[2025-11-17 08:09:54] [INFO] All daily CSVs generated.
[2025-11-17 08:09:54] [INFO] Uploading CSVs into RAW tables...