[2025-11-17 00:01:34] [INFO] Clean DB connected successfully.
[2025-11-17 00:01:34] [INFO] === START CLEANING FROM RAW: raw.yellow_tripdata ===
[2025-11-17 00:01:34] [INFO] Dropping existing clean table & mview...
[2025-11-17 00:01:35] [INFO] ✓ Old clean table and materialized view removed.
[2025-11-17 00:01:35] [INFO] Processing & inserting into clean table...
[2025-11-17 00:02:39] [INFO] ✓ Clean table created.
[2025-11-17 00:02:39] [INFO] Removing duplicates...
[2025-11-17 00:02:52] [INFO] ✓ Dedup done.
[2025-11-17 00:02:52] [INFO] Creating indexes...
[2025-11-17 00:03:03] [INFO] ✓ Indexes created.
[2025-11-17 00:03:03] [INFO] Creating materialized view...
[2025-11-17 00:03:07] [INFO] ✓ Materialized view created.
[2025-11-17 00:03:07] [INFO] === CLEANING DONE → clean.yellow_tripdata_clean ===
[2025-11-17 00:03:07] [INFO] Clean DB connected successfully.
[2025-11-17 00:03:07] [INFO] === START CLEANING FROM RAW: raw.green_tripdata ===
[2025-11-17 00:03:07] [INFO] Dropping existing clean table & mview...
[2025-11-17 00:03:07] [INFO] ✓ Old clean table and materialized view removed.
[2025-11-17 00:03:07] [INFO] Processing & inserting into clean table...
[2025-11-17 00:03:07] [INFO] ✓ Clean table created.
[2025-11-17 00:03:07] [INFO] Removing duplicates...
[2025-11-17 00:03:08] [INFO] ✓ Dedup done.
[2025-11-17 00:03:08] [INFO] Creating indexes...
[2025-11-17 00:03:08] [INFO] ✓ Indexes created.
[2025-11-17 00:03:08] [INFO] Creating materialized view...
[2025-11-17 00:03:08] [INFO] ✓ Materialized view created.
[2025-11-17 00:03:08] [INFO] === CLEANING DONE → clean.green_tripdata_clean ===
[2025-11-17 00:16:39] [INFO] Clean DB connected successfully.
[2025-11-17 00:16:39] [INFO] === START CLEANING FROM RAW: raw.yellow_tripdata ===
[2025-11-17 00:16:39] [INFO] Dropping existing clean table & mview...
[2025-11-17 00:16:39] [INFO] ✓ Old clean table and materialized view removed.
[2025-11-17 00:16:39] [INFO] Processing & inserting into clean table...
[2025-11-17 00:17:41] [INFO] ✓ Clean table created.
[2025-11-17 00:17:41] [INFO] Removing duplicates...
[2025-11-17 00:17:58] [INFO] ✓ Dedup done.
[2025-11-17 00:17:58] [INFO] Creating indexes...
[2025-11-17 00:18:09] [INFO] ✓ Indexes created.
[2025-11-17 00:18:09] [INFO] Creating materialized view...
[2025-11-17 00:18:14] [INFO] ✓ Materialized view created.
[2025-11-17 00:18:14] [INFO] === CLEANING DONE → clean.yellow_tripdata_clean ===
[2025-11-17 00:18:14] [INFO] Clean DB connected successfully.
[2025-11-17 00:18:14] [INFO] === START CLEANING FROM RAW: raw.green_tripdata ===
[2025-11-17 00:18:14] [INFO] Dropping existing clean table & mview...
[2025-11-17 00:18:14] [INFO] ✓ Old clean table and materialized view removed.
[2025-11-17 00:18:14] [INFO] Processing & inserting into clean table...
[2025-11-17 00:18:16] [INFO] ✓ Clean table created.
[2025-11-17 00:18:16] [INFO] Removing duplicates...
[2025-11-17 00:18:16] [INFO] ✓ Dedup done.
[2025-11-17 00:18:16] [INFO] Creating indexes...
[2025-11-17 00:18:16] [INFO] ✓ Indexes created.
[2025-11-17 00:18:16] [INFO] Creating materialized view...
[2025-11-17 00:18:16] [INFO] ✓ Materialized view created.
[2025-11-17 00:18:16] [INFO] === CLEANING DONE → clean.green_tripdata_clean ===
[2025-11-17 00:43:23] [INFO] Clean DB connected successfully.
[2025-11-17 00:43:23] [INFO] === START CLEANING FROM RAW: raw.yellow_tripdata ===
[2025-11-17 00:43:23] [INFO] Dropping existing clean table & mview...
[2025-11-17 00:43:23] [INFO] ✓ Old clean table and materialized view removed.
[2025-11-17 00:43:23] [INFO] Processing & inserting into clean table...
[2025-11-17 00:43:23] [ERROR] Error creating clean table: column "tpep_pickup_datetime" specified more than once

[2025-11-17 00:43:23] [INFO] Removing duplicates...
[2025-11-17 00:43:23] [ERROR] Error in deduplication: relation "clean.yellow_tripdata_clean" does not exist
LINE 2:             DELETE FROM "clean"."yellow_tripdata_clean" a
                                ^

[2025-11-17 00:43:23] [INFO] Creating indexes...
[2025-11-17 00:43:23] [ERROR] Error creating indexes: relation "clean.yellow_tripdata_clean" does not exist

[2025-11-17 00:43:23] [INFO] Creating materialized view...
[2025-11-17 00:43:23] [ERROR] Error creating materialized view: relation "clean.yellow_tripdata_clean" does not exist
LINE 13:             FROM "clean"."yellow_tripdata_clean"
                          ^

[2025-11-17 00:43:23] [INFO] === CLEANING DONE → clean.yellow_tripdata_clean ===
[2025-11-17 00:43:23] [INFO] Clean DB connected successfully.
[2025-11-17 00:43:23] [INFO] === START CLEANING FROM RAW: raw.green_tripdata ===
[2025-11-17 00:43:23] [INFO] Dropping existing clean table & mview...
[2025-11-17 00:43:23] [INFO] ✓ Old clean table and materialized view removed.
[2025-11-17 00:43:23] [INFO] Processing & inserting into clean table...
[2025-11-17 00:43:23] [ERROR] Error creating clean table: column "lpep_pickup_datetime" specified more than once

[2025-11-17 00:43:23] [INFO] Removing duplicates...
[2025-11-17 00:43:23] [ERROR] Error in deduplication: relation "clean.green_tripdata_clean" does not exist
LINE 2:             DELETE FROM "clean"."green_tripdata_clean" a
                                ^

[2025-11-17 00:43:23] [INFO] Creating indexes...
[2025-11-17 00:43:23] [ERROR] Error creating indexes: relation "clean.green_tripdata_clean" does not exist

[2025-11-17 00:43:23] [INFO] Creating materialized view...
[2025-11-17 00:43:23] [ERROR] Error creating materialized view: relation "clean.green_tripdata_clean" does not exist
LINE 13:             FROM "clean"."green_tripdata_clean"
                          ^

[2025-11-17 00:43:23] [INFO] === CLEANING DONE → clean.green_tripdata_clean ===
[2025-11-17 00:47:04] [INFO] Clean DB connected successfully.
[2025-11-17 00:47:04] [INFO] === START CLEANING FROM RAW: raw.yellow_tripdata ===
[2025-11-17 00:47:04] [INFO] Dropping existing clean table & mview...
[2025-11-17 00:47:04] [INFO] ✓ Old clean table and materialized view removed.
[2025-11-17 00:47:04] [INFO] Processing & inserting into clean table...
[2025-11-17 00:47:29] [INFO] ✓ Clean table created.
[2025-11-17 00:47:29] [INFO] Removing duplicates...
[2025-11-17 00:47:42] [INFO] ✓ Dedup done.
[2025-11-17 00:47:42] [INFO] Creating indexes...
[2025-11-17 00:47:46] [INFO] ✓ Indexes created.
[2025-11-17 00:47:46] [INFO] Creating materialized view...
[2025-11-17 00:47:48] [INFO] ✓ Materialized view created.
[2025-11-17 00:47:48] [INFO] === CLEANING DONE → clean.yellow_tripdata_clean ===
[2025-11-17 00:47:48] [INFO] Clean DB connected successfully.
[2025-11-17 00:47:48] [INFO] === START CLEANING FROM RAW: raw.green_tripdata ===
[2025-11-17 00:47:48] [INFO] Dropping existing clean table & mview...
[2025-11-17 00:47:48] [INFO] ✓ Old clean table and materialized view removed.
[2025-11-17 00:47:48] [INFO] Processing & inserting into clean table...
[2025-11-17 00:47:49] [INFO] ✓ Clean table created.
[2025-11-17 00:47:49] [INFO] Removing duplicates...
[2025-11-17 00:47:49] [INFO] ✓ Dedup done.
[2025-11-17 00:47:49] [INFO] Creating indexes...
[2025-11-17 00:47:49] [INFO] ✓ Indexes created.
[2025-11-17 00:47:49] [INFO] Creating materialized view...
[2025-11-17 00:47:49] [INFO] ✓ Materialized view created.
[2025-11-17 00:47:49] [INFO] === CLEANING DONE → clean.green_tripdata_clean ===
[2025-11-17 00:51:52] [INFO] Clean DB connected successfully.
[2025-11-17 00:51:52] [INFO] === START CLEANING FROM RAW: raw.yellow_tripdata ===
[2025-11-17 00:51:52] [INFO] Dropping existing clean table & mview...
[2025-11-17 00:51:52] [INFO] ✓ Old clean table and materialized view removed.
[2025-11-17 00:51:52] [INFO] Processing & inserting into clean table...
[2025-11-17 00:52:19] [INFO] ✓ Clean table created with entry_time and load_date.
[2025-11-17 00:52:19] [INFO] Removing duplicates...
[2025-11-17 00:52:30] [INFO] ✓ Dedup done.
[2025-11-17 00:52:30] [INFO] Creating indexes...
[2025-11-17 00:52:35] [INFO] ✓ Indexes created.
[2025-11-17 00:52:35] [INFO] Creating materialized view...
[2025-11-17 00:52:40] [INFO] ✓ Materialized view created.
[2025-11-17 00:52:40] [INFO] === CLEANING DONE → clean.yellow_tripdata_clean ===
[2025-11-17 00:52:40] [INFO] Clean DB connected successfully.
[2025-11-17 00:52:40] [INFO] === START CLEANING FROM RAW: raw.green_tripdata ===
[2025-11-17 00:52:40] [INFO] Dropping existing clean table & mview...
[2025-11-17 00:52:40] [INFO] ✓ Old clean table and materialized view removed.
[2025-11-17 00:52:40] [INFO] Processing & inserting into clean table...
[2025-11-17 00:52:40] [INFO] ✓ Clean table created with entry_time and load_date.
[2025-11-17 00:52:40] [INFO] Removing duplicates...
[2025-11-17 00:52:40] [INFO] ✓ Dedup done.
[2025-11-17 00:52:40] [INFO] Creating indexes...
[2025-11-17 00:52:40] [INFO] ✓ Indexes created.
[2025-11-17 00:52:40] [INFO] Creating materialized view...
[2025-11-17 00:52:40] [INFO] ✓ Materialized view created.
[2025-11-17 00:52:40] [INFO] === CLEANING DONE → clean.green_tripdata_clean ===
[2025-11-17 07:19:15] [INFO] Clean DB connected successfully.
[2025-11-17 07:19:15] [INFO] === START CLEANING FROM RAW: raw.yellow_tripdata ===
[2025-11-17 07:19:15] [INFO] Dropping existing clean table & mview...
[2025-11-17 07:19:15] [INFO] ✓ Old clean table and materialized view removed.
[2025-11-17 07:19:15] [INFO] Processing & inserting into clean table...
[2025-11-17 07:19:36] [INFO] ✓ Clean table created with entry_time and load_date.
[2025-11-17 07:19:36] [INFO] Removing duplicates...
[2025-11-17 07:19:47] [INFO] ✓ Dedup done.
[2025-11-17 07:19:47] [INFO] Creating indexes...
[2025-11-17 07:19:52] [INFO] ✓ Indexes created.
[2025-11-17 07:19:52] [INFO] Creating materialized view...
[2025-11-17 07:19:53] [INFO] ✓ Materialized view created.
[2025-11-17 07:19:53] [INFO] === CLEANING DONE → clean.yellow_tripdata_clean ===
[2025-11-17 07:19:53] [INFO] Clean DB connected successfully.
[2025-11-17 07:19:53] [INFO] === START CLEANING FROM RAW: raw.green_tripdata ===
[2025-11-17 07:19:53] [INFO] Dropping existing clean table & mview...
[2025-11-17 07:19:53] [INFO] ✓ Old clean table and materialized view removed.
[2025-11-17 07:19:53] [INFO] Processing & inserting into clean table...
[2025-11-17 07:19:54] [INFO] ✓ Clean table created with entry_time and load_date.
[2025-11-17 07:19:54] [INFO] Removing duplicates...
[2025-11-17 07:19:54] [INFO] ✓ Dedup done.
[2025-11-17 07:19:54] [INFO] Creating indexes...
[2025-11-17 07:19:54] [INFO] ✓ Indexes created.
[2025-11-17 07:19:54] [INFO] Creating materialized view...
[2025-11-17 07:19:54] [INFO] ✓ Materialized view created.
[2025-11-17 07:19:54] [INFO] === CLEANING DONE → clean.green_tripdata_clean ===
[2025-11-17 01:23:57] [INFO] Clean DB connected successfully.
[2025-11-17 01:23:57] [INFO] === START CLEANING FROM RAW: raw.yellow_tripdata ===
[2025-11-17 01:23:57] [INFO] Dropping existing clean table & mview...
[2025-11-17 01:23:57] [INFO] ✓ Old clean table and materialized view removed.
[2025-11-17 01:23:57] [INFO] Processing & inserting into clean table...
[2025-11-17 01:24:05] [INFO] ✓ Clean table created with entry_time and load_date.
[2025-11-17 01:24:05] [INFO] Removing duplicates...
[2025-11-17 01:24:13] [INFO] ✓ Dedup done.
[2025-11-17 01:24:13] [INFO] Creating indexes...
[2025-11-17 01:24:16] [INFO] ✓ Indexes created.
[2025-11-17 01:24:16] [INFO] Creating materialized view...
[2025-11-17 01:24:17] [INFO] ✓ Materialized view created.
[2025-11-17 01:24:17] [INFO] === CLEANING DONE → clean.yellow_tripdata_clean ===
[2025-11-17 01:24:17] [INFO] Clean DB connected successfully.
[2025-11-17 01:24:17] [INFO] === START CLEANING FROM RAW: raw.green_tripdata ===
[2025-11-17 01:24:17] [INFO] Dropping existing clean table & mview...
[2025-11-17 01:24:17] [INFO] ✓ Old clean table and materialized view removed.
[2025-11-17 01:24:17] [INFO] Processing & inserting into clean table...
[2025-11-17 01:24:17] [INFO] ✓ Clean table created with entry_time and load_date.
[2025-11-17 01:24:17] [INFO] Removing duplicates...
[2025-11-17 01:24:18] [INFO] ✓ Dedup done.
[2025-11-17 01:24:18] [INFO] Creating indexes...
[2025-11-17 01:24:18] [INFO] ✓ Indexes created.
[2025-11-17 01:24:18] [INFO] Creating materialized view...
[2025-11-17 01:24:18] [INFO] ✓ Materialized view created.
[2025-11-17 01:24:18] [INFO] === CLEANING DONE → clean.green_tripdata_clean ===
[2025-11-17 10:43:07] [INFO] Clean DB connected successfully.
[2025-11-17 10:43:07] [INFO] === START CLEANING FROM RAW: raw.yellow_tripdata ===
[2025-11-17 10:43:07] [INFO] Dropping existing clean table & mview...
[2025-11-17 10:43:07] [INFO] ✓ Old clean table and materialized view removed.
[2025-11-17 10:43:07] [INFO] Processing & inserting into clean table...
[2025-11-17 10:43:30] [INFO] ✓ Clean table created with entry_time and load_date.
[2025-11-17 10:43:30] [INFO] Removing duplicates...
[2025-11-17 10:43:42] [INFO] ✓ Dedup done.
[2025-11-17 10:43:42] [INFO] Creating indexes...
[2025-11-17 10:43:48] [INFO] ✓ Indexes created.
[2025-11-17 10:43:48] [INFO] Creating materialized view...
[2025-11-17 10:43:50] [INFO] ✓ Materialized view created.
[2025-11-17 10:43:50] [INFO] === CLEANING DONE → clean.yellow_tripdata_clean ===
[2025-11-17 10:43:50] [INFO] Clean DB connected successfully.
[2025-11-17 10:43:50] [INFO] === START CLEANING FROM RAW: raw.green_tripdata ===
[2025-11-17 10:43:50] [INFO] Dropping existing clean table & mview...
[2025-11-17 10:43:50] [INFO] ✓ Old clean table and materialized view removed.
[2025-11-17 10:43:50] [INFO] Processing & inserting into clean table...
[2025-11-17 10:43:50] [INFO] ✓ Clean table created with entry_time and load_date.
[2025-11-17 10:43:50] [INFO] Removing duplicates...
[2025-11-17 10:43:50] [INFO] ✓ Dedup done.
[2025-11-17 10:43:50] [INFO] Creating indexes...
[2025-11-17 10:43:50] [INFO] ✓ Indexes created.
[2025-11-17 10:43:50] [INFO] Creating materialized view...
[2025-11-17 10:43:50] [INFO] ✓ Materialized view created.
[2025-11-17 10:43:50] [INFO] === CLEANING DONE → clean.green_tripdata_clean ===
[2025-11-17 10:48:38] [INFO] Clean DB connected successfully.
[2025-11-17 10:48:38] [INFO] === START CLEANING FROM RAW: raw.yellow_tripdata ===
[2025-11-17 10:48:38] [INFO] Dropping existing clean table & mview...
[2025-11-17 10:48:38] [INFO] ✓ Old clean table and materialized view removed.
[2025-11-17 10:48:38] [INFO] Processing & inserting into clean table...
[2025-11-17 10:49:00] [INFO] ✓ Clean table created with entry_time and load_date.
[2025-11-17 10:49:00] [INFO] Removing duplicates...
[2025-11-17 10:49:09] [INFO] ✓ Dedup done.
[2025-11-17 10:49:09] [INFO] Creating indexes...
[2025-11-17 10:49:13] [INFO] ✓ Indexes created.
[2025-11-17 10:49:13] [INFO] Creating materialized view...
[2025-11-17 10:49:17] [INFO] ✓ Materialized view created.
[2025-11-17 10:49:17] [INFO] === CLEANING DONE → clean.yellow_tripdata_clean ===
[2025-11-17 10:49:17] [INFO] Clean DB connected successfully.
[2025-11-17 10:49:17] [INFO] === START CLEANING FROM RAW: raw.green_tripdata ===
[2025-11-17 10:49:17] [INFO] Dropping existing clean table & mview...
[2025-11-17 10:49:17] [INFO] ✓ Old clean table and materialized view removed.
[2025-11-17 10:49:17] [INFO] Processing & inserting into clean table...
[2025-11-17 10:49:17] [INFO] ✓ Clean table created with entry_time and load_date.
[2025-11-17 10:49:17] [INFO] Removing duplicates...
[2025-11-17 10:49:17] [INFO] ✓ Dedup done.
[2025-11-17 10:49:17] [INFO] Creating indexes...
[2025-11-17 10:49:17] [INFO] ✓ Indexes created.
[2025-11-17 10:49:17] [INFO] Creating materialized view...
[2025-11-17 10:49:17] [INFO] ✓ Materialized view created.
[2025-11-17 10:49:17] [INFO] === CLEANING DONE → clean.green_tripdata_clean ===
[2025-11-17 10:54:29] [INFO] Clean DB connected successfully.
[2025-11-17 10:54:29] [INFO] === START CLEANING FROM RAW: raw.yellow_tripdata ===
[2025-11-17 10:54:29] [INFO] Dropping existing clean table & mview...
[2025-11-17 10:54:29] [INFO] ✓ Old clean table and materialized view removed.
[2025-11-17 10:54:29] [INFO] Processing & inserting into clean table...
[2025-11-17 10:54:50] [INFO] ✓ Clean table created with entry_time and load_date.
[2025-11-17 10:54:50] [INFO] Removing duplicates...
[2025-11-17 10:55:03] [INFO] ✓ Dedup done.
[2025-11-17 10:55:03] [INFO] Creating indexes...
[2025-11-17 10:55:09] [INFO] ✓ Indexes created.
[2025-11-17 10:55:09] [INFO] Creating materialized view...
[2025-11-17 10:55:13] [INFO] ✓ Materialized view created.
[2025-11-17 10:55:13] [INFO] === CLEANING DONE → clean.yellow_tripdata_clean ===
[2025-11-17 10:55:13] [INFO] Clean DB connected successfully.
[2025-11-17 10:55:13] [INFO] === START CLEANING FROM RAW: raw.green_tripdata ===
[2025-11-17 10:55:13] [INFO] Dropping existing clean table & mview...
[2025-11-17 10:55:13] [INFO] ✓ Old clean table and materialized view removed.
[2025-11-17 10:55:13] [INFO] Processing & inserting into clean table...
[2025-11-17 10:55:13] [INFO] ✓ Clean table created with entry_time and load_date.
[2025-11-17 10:55:13] [INFO] Removing duplicates...
[2025-11-17 10:55:14] [INFO] ✓ Dedup done.
[2025-11-17 10:55:14] [INFO] Creating indexes...
[2025-11-17 10:55:14] [INFO] ✓ Indexes created.
[2025-11-17 10:55:14] [INFO] Creating materialized view...
[2025-11-17 10:55:14] [INFO] ✓ Materialized view created.
[2025-11-17 10:55:14] [INFO] === CLEANING DONE → clean.green_tripdata_clean ===
[2025-11-17 10:59:57] [INFO] Clean DB connected successfully.
[2025-11-17 10:59:57] [INFO] === START CLEANING FROM RAW: raw.yellow_tripdata ===
[2025-11-17 10:59:57] [INFO] Dropping existing clean table & mview...
[2025-11-17 10:59:57] [INFO] ✓ Old clean table and materialized view removed.
[2025-11-17 10:59:57] [INFO] Processing & inserting into clean table...
[2025-11-17 11:00:20] [INFO] ✓ Clean table created with entry_time and load_date.
[2025-11-17 11:00:20] [INFO] Removing duplicates...
[2025-11-17 11:00:30] [INFO] ✓ Dedup done.
[2025-11-17 11:00:30] [INFO] Creating indexes...
[2025-11-17 11:00:35] [INFO] ✓ Indexes created.
[2025-11-17 11:00:35] [INFO] Creating materialized view...
[2025-11-17 11:00:38] [INFO] ✓ Materialized view created.
[2025-11-17 11:00:38] [INFO] === CLEANING DONE → clean.yellow_tripdata_clean ===
[2025-11-17 11:00:38] [INFO] Clean DB connected successfully.
[2025-11-17 11:00:38] [INFO] === START CLEANING FROM RAW: raw.green_tripdata ===
[2025-11-17 11:00:38] [INFO] Dropping existing clean table & mview...
[2025-11-17 11:00:38] [INFO] ✓ Old clean table and materialized view removed.
[2025-11-17 11:00:38] [INFO] Processing & inserting into clean table...
[2025-11-17 11:00:39] [INFO] ✓ Clean table created with entry_time and load_date.
[2025-11-17 11:00:39] [INFO] Removing duplicates...
[2025-11-17 11:00:39] [INFO] ✓ Dedup done.
[2025-11-17 11:00:39] [INFO] Creating indexes...
[2025-11-17 11:00:39] [INFO] ✓ Indexes created.
[2025-11-17 11:00:39] [INFO] Creating materialized view...
[2025-11-17 11:00:39] [INFO] ✓ Materialized view created.
[2025-11-17 11:00:39] [INFO] === CLEANING DONE → clean.green_tripdata_clean ===
[2025-11-17 11:10:02] [INFO] Clean DB connected successfully.
[2025-11-17 11:10:02] [INFO] === START CLEANING FROM RAW: raw.yellow_tripdata ===
[2025-11-17 11:10:02] [INFO] Dropping existing clean table & mview...
[2025-11-17 11:10:02] [INFO] ✓ Old clean table and materialized view removed.
[2025-11-17 11:10:02] [INFO] Processing & inserting into clean table...
[2025-11-17 11:10:45] [INFO] ✓ Clean table created with entry_time and load_date.
[2025-11-17 11:10:45] [INFO] Removing duplicates...
[2025-11-17 11:11:11] [INFO] ✓ Dedup done.
[2025-11-17 11:11:11] [INFO] Creating indexes...
[2025-11-17 11:11:21] [INFO] ✓ Indexes created.
[2025-11-17 11:11:21] [INFO] Creating materialized view...
[2025-11-17 11:11:30] [INFO] ✓ Materialized view created.
[2025-11-17 11:11:30] [INFO] === CLEANING DONE → clean.yellow_tripdata_clean ===
[2025-11-17 11:11:30] [INFO] Clean DB connected successfully.
[2025-11-17 11:11:30] [INFO] === START CLEANING FROM RAW: raw.green_tripdata ===
[2025-11-17 11:11:30] [INFO] Dropping existing clean table & mview...
[2025-11-17 11:11:30] [INFO] ✓ Old clean table and materialized view removed.
[2025-11-17 11:11:30] [INFO] Processing & inserting into clean table...
[2025-11-17 11:11:30] [INFO] ✓ Clean table created with entry_time and load_date.
[2025-11-17 11:11:30] [INFO] Removing duplicates...
[2025-11-17 11:11:30] [INFO] ✓ Dedup done.
[2025-11-17 11:11:30] [INFO] Creating indexes...
[2025-11-17 11:11:31] [INFO] ✓ Indexes created.
[2025-11-17 11:11:31] [INFO] Creating materialized view...
[2025-11-17 11:11:31] [INFO] ✓ Materialized view created.
[2025-11-17 11:11:31] [INFO] === CLEANING DONE → clean.green_tripdata_clean ===
[2025-11-17 11:40:59] [INFO] Clean DB connected successfully.
[2025-11-17 11:40:59] [INFO] === START CLEANING FROM RAW: raw.yellow_tripdata ===
[2025-11-17 11:40:59] [INFO] Dropping existing clean table & mview...
[2025-11-17 11:40:59] [INFO] ✓ Old clean table and materialized view removed.
[2025-11-17 11:40:59] [INFO] Processing & inserting into clean table...
[2025-11-17 11:41:21] [INFO] ✓ Clean table created with entry_time and load_date.
[2025-11-17 11:41:21] [INFO] Removing duplicates...
[2025-11-17 11:41:31] [INFO] ✓ Dedup done.
[2025-11-17 11:41:31] [INFO] Creating indexes...
[2025-11-17 11:41:36] [INFO] ✓ Indexes created.
[2025-11-17 11:41:36] [INFO] Creating materialized view...
[2025-11-17 11:41:39] [INFO] ✓ Materialized view created.
[2025-11-17 11:41:39] [INFO] === CLEANING DONE → clean.yellow_tripdata_clean ===
[2025-11-17 11:41:39] [INFO] Clean DB connected successfully.
[2025-11-17 11:41:39] [INFO] === START CLEANING FROM RAW: raw.green_tripdata ===
[2025-11-17 11:41:39] [INFO] Dropping existing clean table & mview...
[2025-11-17 11:41:39] [INFO] ✓ Old clean table and materialized view removed.
[2025-11-17 11:41:39] [INFO] Processing & inserting into clean table...
[2025-11-17 11:41:39] [INFO] ✓ Clean table created with entry_time and load_date.
[2025-11-17 11:41:39] [INFO] Removing duplicates...
[2025-11-17 11:41:39] [INFO] ✓ Dedup done.
[2025-11-17 11:41:39] [INFO] Creating indexes...
[2025-11-17 11:41:39] [INFO] ✓ Indexes created.
[2025-11-17 11:41:39] [INFO] Creating materialized view...
[2025-11-17 11:41:40] [INFO] ✓ Materialized view created.
[2025-11-17 11:41:40] [INFO] === CLEANING DONE → clean.green_tripdata_clean ===
[2025-11-17 12:08:43] [INFO] Clean DB connected successfully.
[2025-11-17 12:08:43] [INFO] === START CLEANING FROM RAW: raw.yellow_tripdata ===
[2025-11-17 12:08:43] [INFO] Dropping existing clean table & mview...
[2025-11-17 12:08:43] [INFO] ✓ Old clean table and materialized view removed.
[2025-11-17 12:08:43] [INFO] Processing & inserting into clean table...
[2025-11-17 12:08:43] [INFO] ✓ Clean table created with entry_time and load_date.
[2025-11-17 12:08:43] [INFO] Removing duplicates...
[2025-11-17 12:08:43] [INFO] ✓ Dedup done.
[2025-11-17 12:08:43] [INFO] Creating indexes...
[2025-11-17 12:08:43] [INFO] ✓ Indexes created.
[2025-11-17 12:08:43] [INFO] Creating materialized view...
[2025-11-17 12:08:43] [INFO] ✓ Materialized view created.
[2025-11-17 12:08:43] [INFO] === CLEANING DONE → clean.yellow_tripdata_clean ===
[2025-11-17 12:08:43] [INFO] Clean DB connected successfully.
[2025-11-17 12:08:43] [INFO] === START CLEANING FROM RAW: raw.green_tripdata ===
[2025-11-17 12:08:43] [INFO] Dropping existing clean table & mview...
[2025-11-17 12:08:43] [INFO] ✓ Old clean table and materialized view removed.
[2025-11-17 12:08:43] [INFO] Processing & inserting into clean table...
[2025-11-17 12:08:43] [INFO] ✓ Clean table created with entry_time and load_date.
[2025-11-17 12:08:43] [INFO] Removing duplicates...
[2025-11-17 12:08:43] [INFO] ✓ Dedup done.
[2025-11-17 12:08:43] [INFO] Creating indexes...
[2025-11-17 12:08:43] [INFO] ✓ Indexes created.
[2025-11-17 12:08:43] [INFO] Creating materialized view...
[2025-11-17 12:08:43] [INFO] ✓ Materialized view created.
[2025-11-17 12:08:43] [INFO] === CLEANING DONE → clean.green_tripdata_clean ===
[2025-11-17 12:28:59] [INFO] Clean DB connected successfully.
[2025-11-17 12:28:59] [INFO] === START CLEANING FROM RAW: raw.yellow_tripdata ===
[2025-11-17 12:28:59] [INFO] Dropping existing clean table & mview...
[2025-11-17 12:28:59] [INFO] ✓ Old clean table and materialized view removed.
[2025-11-17 12:29:00] [INFO] Processing & inserting into clean table...
[2025-11-17 12:29:24] [INFO] ✓ Clean table created with entry_time and load_date.
[2025-11-17 12:29:24] [INFO] Removing duplicates...
[2025-11-17 12:29:33] [INFO] ✓ Dedup done.
[2025-11-17 12:29:33] [INFO] Creating indexes...
[2025-11-17 12:29:38] [INFO] ✓ Indexes created.
[2025-11-17 12:29:38] [INFO] Creating materialized view...
[2025-11-17 12:29:42] [INFO] ✓ Materialized view created.
[2025-11-17 12:29:42] [INFO] === CLEANING DONE → clean.yellow_tripdata_clean ===
[2025-11-17 12:29:42] [INFO] Clean DB connected successfully.
[2025-11-17 12:29:42] [INFO] === START CLEANING FROM RAW: raw.green_tripdata ===
[2025-11-17 12:29:42] [INFO] Dropping existing clean table & mview...
[2025-11-17 12:29:42] [INFO] ✓ Old clean table and materialized view removed.
[2025-11-17 12:29:42] [INFO] Processing & inserting into clean table...
[2025-11-17 12:29:43] [INFO] ✓ Clean table created with entry_time and load_date.
[2025-11-17 12:29:43] [INFO] Removing duplicates...
[2025-11-17 12:29:43] [INFO] ✓ Dedup done.
[2025-11-17 12:29:43] [INFO] Creating indexes...
[2025-11-17 12:29:43] [INFO] ✓ Indexes created.
[2025-11-17 12:29:43] [INFO] Creating materialized view...
[2025-11-17 12:29:43] [INFO] ✓ Materialized view created.
[2025-11-17 12:29:43] [INFO] === CLEANING DONE → clean.green_tripdata_clean ===
[2025-11-17 12:44:20] [INFO] Clean DB connected successfully.
[2025-11-17 12:44:20] [INFO] === START CLEANING FROM RAW: raw.yellow_tripdata ===
[2025-11-17 12:44:20] [INFO] Dropping existing clean table & mview...
[2025-11-17 12:44:20] [INFO] ✓ Old clean table and materialized view removed.
[2025-11-17 12:44:20] [INFO] Processing & inserting into clean table...
[2025-11-17 12:44:42] [INFO] ✓ Clean table created with entry_time and load_date.
[2025-11-17 12:44:42] [INFO] Removing duplicates...
[2025-11-17 12:44:53] [INFO] ✓ Dedup done.
[2025-11-17 12:44:53] [INFO] Creating indexes...
[2025-11-17 12:44:57] [INFO] ✓ Indexes created.
[2025-11-17 12:44:57] [INFO] Creating materialized view...
[2025-11-17 12:45:01] [INFO] ✓ Materialized view created.
[2025-11-17 12:45:01] [INFO] === CLEANING DONE → clean.yellow_tripdata_clean ===
[2025-11-17 12:45:01] [INFO] Clean DB connected successfully.
[2025-11-17 12:45:01] [INFO] === START CLEANING FROM RAW: raw.green_tripdata ===
[2025-11-17 12:45:01] [INFO] Dropping existing clean table & mview...
[2025-11-17 12:45:01] [INFO] ✓ Old clean table and materialized view removed.
[2025-11-17 12:45:01] [INFO] Processing & inserting into clean table...
[2025-11-17 12:45:01] [INFO] ✓ Clean table created with entry_time and load_date.
[2025-11-17 12:45:01] [INFO] Removing duplicates...
[2025-11-17 12:45:01] [INFO] ✓ Dedup done.
[2025-11-17 12:45:01] [INFO] Creating indexes...
[2025-11-17 12:45:01] [INFO] ✓ Indexes created.
[2025-11-17 12:45:01] [INFO] Creating materialized view...
[2025-11-17 12:45:01] [INFO] ✓ Materialized view created.
[2025-11-17 12:45:01] [INFO] === CLEANING DONE → clean.green_tripdata_clean ===
[2025-11-17 05:56:58] [INFO] Clean DB connected successfully.
[2025-11-17 05:56:58] [INFO] === START CLEANING FROM RAW: raw.yellow_tripdata ===
[2025-11-17 05:56:58] [INFO] Dropping existing clean table & mview...
[2025-11-17 05:56:58] [INFO] ✓ Old clean table and materialized view removed.
[2025-11-17 05:56:58] [INFO] Processing & inserting into clean table...
[2025-11-17 05:57:20] [INFO] ✓ Clean table created with entry_time and load_date.
[2025-11-17 05:57:20] [INFO] Removing duplicates...
[2025-11-17 05:57:38] [INFO] ✓ Dedup done.
[2025-11-17 05:57:38] [INFO] Creating indexes...
[2025-11-17 05:57:46] [INFO] ✓ Indexes created.
[2025-11-17 05:57:46] [INFO] Creating materialized view...
[2025-11-17 05:57:48] [INFO] ✓ Materialized view created.
[2025-11-17 05:57:48] [INFO] === CLEANING DONE → clean.yellow_tripdata_clean ===
[2025-11-17 05:57:48] [INFO] Clean DB connected successfully.
[2025-11-17 05:57:49] [INFO] === START CLEANING FROM RAW: raw.green_tripdata ===
[2025-11-17 05:57:49] [INFO] Dropping existing clean table & mview...
[2025-11-17 05:57:49] [INFO] ✓ Old clean table and materialized view removed.
[2025-11-17 05:57:49] [INFO] Processing & inserting into clean table...
[2025-11-17 05:57:49] [INFO] ✓ Clean table created with entry_time and load_date.
[2025-11-17 05:57:49] [INFO] Removing duplicates...
[2025-11-17 05:57:49] [INFO] ✓ Dedup done.
[2025-11-17 05:57:49] [INFO] Creating indexes...
[2025-11-17 05:57:49] [INFO] ✓ Indexes created.
[2025-11-17 05:57:49] [INFO] Creating materialized view...
[2025-11-17 05:57:49] [INFO] ✓ Materialized view created.
[2025-11-17 05:57:49] [INFO] === CLEANING DONE → clean.green_tripdata_clean ===
[2025-11-17 17:41:55] [INFO] Clean DB connected successfully.
[2025-11-17 17:41:55] [INFO] === START CLEANING FROM RAW: raw.yellow_tripdata ===
[2025-11-17 17:41:55] [INFO] Dropping existing clean table & mview...
[2025-11-17 17:41:55] [INFO] ✓ Old clean table and materialized view removed.
[2025-11-17 17:41:55] [INFO] Processing & inserting into clean table...
[2025-11-17 17:42:18] [INFO] ✓ Clean table created with entry_time and load_date.
[2025-11-17 17:42:18] [INFO] Removing duplicates...
[2025-11-17 17:42:28] [INFO] ✓ Dedup done.
[2025-11-17 17:42:28] [INFO] Creating indexes...
[2025-11-17 17:42:33] [INFO] ✓ Indexes created.
[2025-11-17 17:42:33] [INFO] Creating materialized view...
[2025-11-17 17:42:35] [INFO] ✓ Materialized view created.
[2025-11-17 17:42:35] [INFO] === CLEANING DONE → clean.yellow_tripdata_clean ===
[2025-11-17 17:42:35] [INFO] Clean DB connected successfully.
[2025-11-17 17:42:35] [INFO] === START CLEANING FROM RAW: raw.green_tripdata ===
[2025-11-17 17:42:35] [INFO] Dropping existing clean table & mview...
[2025-11-17 17:42:35] [INFO] ✓ Old clean table and materialized view removed.
[2025-11-17 17:42:35] [INFO] Processing & inserting into clean table...
[2025-11-17 17:42:35] [INFO] ✓ Clean table created with entry_time and load_date.
[2025-11-17 17:42:35] [INFO] Removing duplicates...
[2025-11-17 17:42:35] [INFO] ✓ Dedup done.
[2025-11-17 17:42:35] [INFO] Creating indexes...
[2025-11-17 17:42:35] [INFO] ✓ Indexes created.
[2025-11-17 17:42:35] [INFO] Creating materialized view...
[2025-11-17 17:42:35] [INFO] ✓ Materialized view created.
[2025-11-17 17:42:35] [INFO] === CLEANING DONE → clean.green_tripdata_clean ===
[2025-11-17 17:53:40] [INFO] Clean DB connected successfully.
[2025-11-17 17:53:40] [INFO] === START CLEANING FROM RAW: raw.yellow_tripdata ===
[2025-11-17 17:53:40] [INFO] Dropping existing clean table & mview...
[2025-11-17 17:53:40] [INFO] ✓ Old clean table and materialized view removed.
[2025-11-17 17:53:40] [INFO] Processing & inserting into clean table...
[2025-11-17 17:54:33] [INFO] ✓ Clean table created with entry_time and load_date.
[2025-11-17 17:54:33] [INFO] Removing duplicates...
[2025-11-17 17:54:59] [INFO] ✓ Dedup done.
[2025-11-17 17:54:59] [INFO] Creating indexes...
[2025-11-17 17:55:10] [INFO] ✓ Indexes created.
[2025-11-17 17:55:10] [INFO] Creating materialized view...
[2025-11-17 17:55:20] [INFO] ✓ Materialized view created.
[2025-11-17 17:55:20] [INFO] === CLEANING DONE → clean.yellow_tripdata_clean ===
[2025-11-17 17:55:20] [INFO] Clean DB connected successfully.
[2025-11-17 17:55:20] [INFO] === START CLEANING FROM RAW: raw.green_tripdata ===
[2025-11-17 17:55:20] [INFO] Dropping existing clean table & mview...
[2025-11-17 17:55:20] [INFO] ✓ Old clean table and materialized view removed.
[2025-11-17 17:55:20] [INFO] Processing & inserting into clean table...
[2025-11-17 17:55:21] [INFO] ✓ Clean table created with entry_time and load_date.
[2025-11-17 17:55:21] [INFO] Removing duplicates...
[2025-11-17 17:55:21] [INFO] ✓ Dedup done.
[2025-11-17 17:55:21] [INFO] Creating indexes...
[2025-11-17 17:55:21] [INFO] ✓ Indexes created.
[2025-11-17 17:55:21] [INFO] Creating materialized view...
[2025-11-17 17:55:21] [INFO] ✓ Materialized view created.
[2025-11-17 17:55:21] [INFO] === CLEANING DONE → clean.green_tripdata_clean ===
[2025-11-17 18:06:25] [INFO] Clean DB connected successfully.
[2025-11-17 18:06:25] [INFO] === START CLEANING FROM RAW: raw.yellow_tripdata ===
[2025-11-17 18:06:25] [INFO] Dropping existing clean table & mview...
[2025-11-17 18:06:25] [INFO] ✓ Old clean table and materialized view removed.
[2025-11-17 18:06:25] [INFO] Processing & inserting into clean table...
[2025-11-17 18:07:41] [INFO] ✓ Clean table created with entry_time and load_date.
[2025-11-17 18:07:41] [INFO] Removing duplicates...
[2025-11-17 18:08:16] [INFO] ✓ Dedup done.
[2025-11-17 18:08:16] [INFO] Creating indexes...
[2025-11-17 18:08:32] [INFO] ✓ Indexes created.
[2025-11-17 18:08:32] [INFO] Creating materialized view...
[2025-11-17 18:08:45] [INFO] ✓ Materialized view created.
[2025-11-17 18:08:45] [INFO] === CLEANING DONE → clean.yellow_tripdata_clean ===
[2025-11-17 18:08:45] [INFO] Clean DB connected successfully.
[2025-11-17 18:08:45] [INFO] === START CLEANING FROM RAW: raw.green_tripdata ===
[2025-11-17 18:08:45] [INFO] Dropping existing clean table & mview...
[2025-11-17 18:08:45] [INFO] ✓ Old clean table and materialized view removed.
[2025-11-17 18:08:45] [INFO] Processing & inserting into clean table...
[2025-11-17 18:08:46] [INFO] ✓ Clean table created with entry_time and load_date.
[2025-11-17 18:08:46] [INFO] Removing duplicates...
[2025-11-17 18:08:46] [INFO] ✓ Dedup done.
[2025-11-17 18:08:46] [INFO] Creating indexes...
[2025-11-17 18:08:46] [INFO] ✓ Indexes created.
[2025-11-17 18:08:46] [INFO] Creating materialized view...
[2025-11-17 18:08:46] [INFO] ✓ Materialized view created.
[2025-11-17 18:08:46] [INFO] === CLEANING DONE → clean.green_tripdata_clean ===
[2025-11-17 18:20:10] [INFO] Clean DB connected successfully.
[2025-11-17 18:20:10] [INFO] === START CLEANING FROM RAW: raw.yellow_tripdata ===
[2025-11-17 18:20:10] [INFO] Dropping existing clean table & mview...
[2025-11-17 18:20:10] [INFO] ✓ Old clean table and materialized view removed.
[2025-11-17 18:20:10] [INFO] Processing & inserting into clean table...
[2025-11-17 18:21:48] [INFO] ✓ Clean table created with entry_time and load_date.
[2025-11-17 18:21:48] [INFO] Removing duplicates...
[2025-11-17 18:22:41] [INFO] ✓ Dedup done.
[2025-11-17 18:22:41] [INFO] Creating indexes...
[2025-11-17 18:23:03] [INFO] ✓ Indexes created.
[2025-11-17 18:23:03] [INFO] Creating materialized view...
[2025-11-17 18:23:20] [INFO] ✓ Materialized view created.
[2025-11-17 18:23:20] [INFO] === CLEANING DONE → clean.yellow_tripdata_clean ===
[2025-11-17 18:23:20] [INFO] Clean DB connected successfully.
[2025-11-17 18:23:20] [INFO] === START CLEANING FROM RAW: raw.green_tripdata ===
[2025-11-17 18:23:20] [INFO] Dropping existing clean table & mview...
[2025-11-17 18:23:20] [INFO] ✓ Old clean table and materialized view removed.
[2025-11-17 18:23:20] [INFO] Processing & inserting into clean table...
[2025-11-17 18:23:22] [INFO] ✓ Clean table created with entry_time and load_date.
[2025-11-17 18:23:22] [INFO] Removing duplicates...
[2025-11-17 18:23:22] [INFO] ✓ Dedup done.
[2025-11-17 18:23:22] [INFO] Creating indexes...
[2025-11-17 18:23:22] [INFO] ✓ Indexes created.
[2025-11-17 18:23:22] [INFO] Creating materialized view...
[2025-11-17 18:23:22] [INFO] ✓ Materialized view created.
[2025-11-17 18:23:22] [INFO] === CLEANING DONE → clean.green_tripdata_clean ===
[2025-11-17 18:40:46] [INFO] Clean DB connected successfully.
[2025-11-17 18:40:46] [INFO] === START CLEANING FROM RAW: raw.yellow_tripdata ===
[2025-11-17 18:40:46] [INFO] Dropping existing clean table & mview...
[2025-11-17 18:40:46] [INFO] ✓ Old clean table and materialized view removed.
[2025-11-17 18:40:46] [INFO] Processing & inserting into clean table...
[2025-11-17 18:43:23] [INFO] ✓ Clean table created with entry_time and load_date.
[2025-11-17 18:43:23] [INFO] Removing duplicates...
[2025-11-17 18:45:00] [INFO] ✓ Dedup done.
[2025-11-17 18:45:00] [INFO] Creating indexes...
[2025-11-17 18:45:31] [INFO] ✓ Indexes created.
[2025-11-17 18:45:31] [INFO] Creating materialized view...
[2025-11-17 18:45:55] [INFO] ✓ Materialized view created.
[2025-11-17 18:45:55] [INFO] === CLEANING DONE → clean.yellow_tripdata_clean ===
[2025-11-17 18:45:55] [INFO] Clean DB connected successfully.
[2025-11-17 18:45:55] [INFO] === START CLEANING FROM RAW: raw.green_tripdata ===
[2025-11-17 18:45:55] [INFO] Dropping existing clean table & mview...
[2025-11-17 18:45:55] [INFO] ✓ Old clean table and materialized view removed.
[2025-11-17 18:45:55] [INFO] Processing & inserting into clean table...
[2025-11-17 18:45:57] [INFO] ✓ Clean table created with entry_time and load_date.
[2025-11-17 18:45:57] [INFO] Removing duplicates...
[2025-11-17 18:45:57] [INFO] ✓ Dedup done.
[2025-11-17 18:45:57] [INFO] Creating indexes...
[2025-11-17 18:45:58] [INFO] ✓ Indexes created.
[2025-11-17 18:45:58] [INFO] Creating materialized view...
[2025-11-17 18:45:58] [INFO] ✓ Materialized view created.
[2025-11-17 18:45:58] [INFO] === CLEANING DONE → clean.green_tripdata_clean ===
[2025-11-17 19:03:16] [INFO] Clean DB connected successfully.
[2025-11-17 19:03:16] [INFO] === START CLEANING FROM RAW: raw.yellow_tripdata ===
[2025-11-17 19:03:16] [INFO] Dropping existing clean table & mview...
[2025-11-17 19:03:16] [INFO] ✓ Old clean table and materialized view removed.
[2025-11-17 19:03:16] [INFO] Processing & inserting into clean table...
[2025-11-17 19:06:15] [INFO] ✓ Clean table created with entry_time and load_date.
[2025-11-17 19:06:15] [INFO] Removing duplicates...
[2025-11-17 19:08:34] [INFO] ✓ Dedup done.
[2025-11-17 19:08:34] [INFO] Creating indexes...
[2025-11-17 19:09:14] [INFO] ✓ Indexes created.
[2025-11-17 19:09:14] [INFO] Creating materialized view...
[2025-11-17 19:09:54] [INFO] ✓ Materialized view created.
[2025-11-17 19:09:54] [INFO] === CLEANING DONE → clean.yellow_tripdata_clean ===
[2025-11-17 19:09:54] [INFO] Clean DB connected successfully.
[2025-11-17 19:09:54] [INFO] === START CLEANING FROM RAW: raw.green_tripdata ===
[2025-11-17 19:09:54] [INFO] Dropping existing clean table & mview...
[2025-11-17 19:09:54] [INFO] ✓ Old clean table and materialized view removed.
[2025-11-17 19:09:54] [INFO] Processing & inserting into clean table...
[2025-11-17 19:09:59] [INFO] ✓ Clean table created with entry_time and load_date.
[2025-11-17 19:09:59] [INFO] Removing duplicates...
[2025-11-17 19:10:00] [INFO] ✓ Dedup done.
[2025-11-17 19:10:00] [INFO] Creating indexes...
[2025-11-17 19:10:01] [INFO] ✓ Indexes created.
[2025-11-17 19:10:01] [INFO] Creating materialized view...
[2025-11-17 19:10:02] [INFO] ✓ Materialized view created.
[2025-11-17 19:10:02] [INFO] === CLEANING DONE → clean.green_tripdata_clean ===
[2025-11-17 19:47:49] [INFO] Clean DB connected successfully.
[2025-11-17 19:47:49] [INFO] === START CLEANING FROM RAW: raw.yellow_tripdata ===
[2025-11-17 19:47:49] [INFO] Dropping existing clean table & mview...
[2025-11-17 19:47:49] [INFO] ✓ Old clean table and materialized view removed.
[2025-11-17 19:47:49] [INFO] Processing & inserting into clean table...
[2025-11-17 19:52:43] [INFO] ✓ Clean table created with entry_time and load_date.
[2025-11-17 19:52:43] [INFO] Removing duplicates...
[2025-11-17 19:56:19] [INFO] ✓ Dedup done.
[2025-11-17 19:56:19] [INFO] Creating indexes...
[2025-11-17 19:57:32] [INFO] ✓ Indexes created.
[2025-11-17 19:57:32] [INFO] Creating materialized view...
[2025-11-17 19:58:36] [INFO] ✓ Materialized view created.
[2025-11-17 19:58:36] [INFO] === CLEANING DONE → clean.yellow_tripdata_clean ===
[2025-11-17 19:58:36] [INFO] Clean DB connected successfully.
[2025-11-17 19:58:36] [INFO] === START CLEANING FROM RAW: raw.green_tripdata ===
[2025-11-17 19:58:36] [INFO] Dropping existing clean table & mview...
[2025-11-17 19:58:36] [INFO] ✓ Old clean table and materialized view removed.
[2025-11-17 19:58:36] [INFO] Processing & inserting into clean table...
[2025-11-17 19:58:40] [INFO] ✓ Clean table created with entry_time and load_date.
[2025-11-17 19:58:40] [INFO] Removing duplicates...
[2025-11-17 19:58:41] [INFO] ✓ Dedup done.
[2025-11-17 19:58:41] [INFO] Creating indexes...
[2025-11-17 19:58:42] [INFO] ✓ Indexes created.
[2025-11-17 19:58:42] [INFO] Creating materialized view...
[2025-11-17 19:58:42] [INFO] ✓ Materialized view created.
[2025-11-17 19:58:42] [INFO] === CLEANING DONE → clean.green_tripdata_clean ===
